<?xml version="1.0" encoding="UTF-8"?>
<!-- Generated by org.testng.reporters.JUnitXMLReporter -->
<testsuite ignored="0" hostname="Alins-MBP.attlocal.net" failures="0" tests="8" name="Command line test" time="6.597" errors="0" timestamp="2020-03-10T21:30:14 CDT">
  <testcase classname="githubTests.Test8" name="verifyName8" time="2.263"/>
  <testcase classname="githubTests.Test6" name="verifyName6" time="0.462"/>
  <testcase classname="githubTests.Test4" name="verifyName4" time="0.669"/>
  <testcase classname="githubTests.Test2" name="verifyName2" time="0.604"/>
  <testcase classname="githubTests.Test5" name="verifyName5" time="0.639"/>
  <testcase classname="githubTests.Test7" name="verifyName7" time="0.477"/>
  <testcase classname="githubTests.Test3" name="verifyName3" time="0.58"/>
  <testcase classname="githubTests.Test1" name="verifyName1" time="0.868"/>
</testsuite> <!-- Command line test -->
